"../../../Engine/Content/Animation/DefaultAnimCurveCompressionSettings.uasset" 0
"../../../Engine/Content/ArtTools/RenderToTexture/Enums/RenderToTexture_Enum.uasset" 1
"../../../Engine/Content/ArtTools/RenderToTexture/Enums/RenderToTexture_Flipbook_Enum.uasset" 2
"../../../Engine/Content/ArtTools/RenderToTexture/Enums/RenderToTexture_Imposter_Enum.uasset" 3
"../../../Engine/Content/EditorBlueprintResources/StandardMacros.uasset" 4
"../../../Engine/Content/ArtTools/RenderToTexture/Enums/EIntTypes.uasset" 5
"../../../Engine/Content/ArtTools/RenderToTexture/Macros/RenderToTextureFunctionLibrary.uasset" 6
"../../../Engine/Content/ArtTools/RenderToTexture/Enums/EFloatTypes.uasset" 7
"../../../Engine/Content/ArtTools/RenderToTexture/Macros/RenderToTextureMacros.uasset" 8
"../../../Engine/Content/Functions/Engine_MaterialFunctions01/Opacity/CameraDepthFade.uasset" 9
"../../../Engine/Content/EngineMaterials/T_Default_Material_Grid_M.uasset" 10
"../../../Engine/Content/EngineMaterials/T_Default_Material_Grid_N.uasset" 11
"../../../Engine/Content/EngineMaterials/WorldGridMaterial.uasset" 12
"../../../Engine/Content/ArtTools/RenderToTexture/Meshes/S_1_Unit_Plane.uasset" 13
"../../../Engine/Content/BasicShapes/Cube.uasset" 14
"../../../Engine/Content/BasicShapes/Plane.uasset" 15
"../../../Engine/Content/EngineMaterials/DefaultPhysicalMaterial.uasset" 16
"../../../Engine/Content/BufferVisualization/AmbientOcclusion.uasset" 17
"../../../Engine/Content/BufferVisualization/BaseColor.uasset" 18
"../../../Engine/Content/BufferVisualization/CustomDepth.uasset" 19
"../../../Engine/Content/Functions/Engine_MaterialFunctions02/Utility/VectorLength.uasset" 20
"../../../Engine/Content/BufferVisualization/CustomDepthWorldUnits.uasset" 21
"../../../Engine/Content/Functions/Engine_MaterialFunctions02/Utility/BreakOutFloat2Components.uasset" 22
"../../../Engine/Content/Functions/Engine_MaterialFunctions01/Texturing/ScaleUVsByCenter.uasset" 23
"../../../Engine/Content/Functions/Engine_MaterialFunctions02/ScreenResolution.uasset" 24
"../../../Engine/Content/Functions/Engine_MaterialFunctions02/Texturing/ScreenAlignedUVs.uasset" 25
"../../../Engine/Content/Functions/Engine_MaterialFunctions02/Utility/MakeFloat2.uasset" 26
"../../../Engine/Content/Functions/Engine_MaterialFunctions02/Utility/MakeFloat3.uasset" 27
"../../../Engine/Content/EngineMaterials/MiniFont.uasset" 28
"../../../Engine/Content/BufferVisualization/CustomStencil.uasset" 29
"../../../Engine/Content/BufferVisualization/FinalImage.uasset" 30
"../../../Engine/Content/BufferVisualization/LightingModel.uasset" 31
"../../../Engine/Content/BufferVisualization/MaterialAO.uasset" 32
"../../../Engine/Content/BufferVisualization/Metallic.uasset" 33
"../../../Engine/Content/BufferVisualization/Opacity.uasset" 34
"../../../Engine/Content/BufferVisualization/PostTonemapHDRColor.uasset" 35
"../../../Engine/Content/BufferVisualization/PreTonemapHDRColor.uasset" 36
"../../../Engine/Content/BufferVisualization/Roughness.uasset" 37
"../../../Engine/Content/BufferVisualization/SceneColor.uasset" 38
"../../../Engine/Content/BufferVisualization/SceneDepth.uasset" 39
"../../../Engine/Content/BufferVisualization/SceneDepthWorldUnits.uasset" 40
"../../../Engine/Content/BufferVisualization/SeparateTranslucencyA.uasset" 41
"../../../Engine/Content/BufferVisualization/SeparateTranslucencyRGB.uasset" 42
"../../../Engine/Content/BufferVisualization/Specular.uasset" 43
"../../../Engine/Content/BufferVisualization/SubsurfaceColor.uasset" 44
"../../../Engine/Content/BufferVisualization/Velocity.uasset" 45
"../../../Engine/Content/BufferVisualization/WorldNormal.uasset" 46
"../../../Engine/Content/EditorBlueprintResources/ActorMacros.uasset" 47
"../../../Engine/Content/EditorLandscapeResources/DataLayer.uasset" 48
"../../../Engine/Content/EditorLandscapeResources/DefaultAlphaTexture.uasset" 49
"../../../Engine/Content/EditorLandscapeResources/LandscapeGizmoHeight_Mat.uasset" 50
"../../../Engine/Content/EditorLandscapeResources/LandscapeGizmo_Mat.uasset" 51
"../../../Engine/Content/EditorLandscapeResources/LandscapeGizmo_Mat_Copied.uasset" 52
"../../../Engine/Content/EditorLandscapeResources/SplineEditorMeshMat.uasset" 53
"../../../Engine/Content/EditorLandscapeResources/SplineEditorMesh.uasset" 54
"../../../Engine/Content/EditorMaterials/Cross.uasset" 55
"../../../Engine/Content/EditorMaterials/Cross_Mat.uasset" 56
"../../../Engine/Content/EditorMaterials/GizmoMaterial.uasset" 57
"../../../Engine/Content/Functions/Engine_MaterialFunctions02/ExampleContent/Textures/flipbook.uasset" 58
"../../../Engine/Content/Functions/Engine_MaterialFunctions02/Texturing/FlipBook.uasset" 59
"../../../Engine/Content/Functions/Engine_MaterialFunctions02/Utility/Sign.uasset" 60
"../../../Engine/Content/Functions/Engine_MaterialFunctions02/Utility/Round.uasset" 61
"../../../Engine/Content/EditorResources/T_EditorHelp.uasset" 62
"../../../Engine/Content/EditorMaterials/HelpActorMaterial.uasset" 63
"../../../Engine/Content/EditorMaterials/CompositeARGBLayer.uasset" 64
"../../../Engine/Content/EditorMaterials/TilingAALineIntegral.uasset" 65
"../../../Engine/Content/EditorMaterials/TilingAALineBoxFiltered.uasset" 66
"../../../Engine/Content/Functions/Engine_MaterialFunctions03/Procedurals/ComputeFilterWidth.uasset" 67
"../../../Engine/Content/EditorMaterials/TilingAADots.uasset" 68
"../../../Engine/Content/EngineMaterials/BlendFunc_DefBase.uasset" 69
"../../../Engine/Content/EngineMaterials/BlendFunc_DefBlend.uasset" 70
"../../../Engine/Content/Functions/Engine_MaterialFunctions03/Blends/Blend_Screen.uasset" 71
"../../../Engine/Content/EditorMaterials/TilingAAGrid.uasset" 72
"../../../Engine/Content/EditorMaterials/LevelGridMaterial.uasset" 73
"../../../Engine/Content/EditorMaterials/MakeCompositeARGBLayer.uasset" 74
"../../../Engine/Content/EditorResources/LevelGrid1DStripes.uasset" 75
"../../../Engine/Content/EditorMaterials/TextureGridCascaded1D.uasset" 76
"../../../Engine/Content/EditorMaterials/TextureGridCascaded2D.uasset" 77
"../../../Engine/Content/EditorMaterials/LevelGridMaterial2.uasset" 78
"../../../Engine/Content/EditorMaterials/MAT_Groups_Toggle.uasset" 79
"../../../Engine/Content/EditorMaterials/MAT_Groups_Visibility.uasset" 80
"../../../Engine/Content/EditorMaterials/AntialiasedGridFloor.uasset" 81
"../../../Engine/Content/EditorResources/TilePatine_D.uasset" 82
"../../../Engine/Content/EditorResources/TilePatine_N.uasset" 83
"../../../Engine/Content/EngineMaterials/Grid.uasset" 84
"../../../Engine/Content/EditorMaterials/PersonaFloorMat.uasset" 85
"../../../Engine/Content/EditorMaterials/PhAT_BoneSelectedMaterial.uasset" 86
"../../../Engine/Content/EditorMaterials/PhAT_ElemSelectedMaterial.uasset" 87
"../../../Engine/Content/EditorMaterials/PhAT_NoCollisionMaterial.uasset" 88
"../../../Engine/Content/EditorMaterials/PhAT_UnselectedMaterial.uasset" 89
"../../../Engine/Content/EditorMaterials/PreviewShadowIndicator.uasset" 90
"../../../Engine/Content/EditorMaterials/PreviewShadowIndicatorMaterial.uasset" 91
"../../../Engine/Content/EditorMaterials/TargetIcon.uasset" 92
"../../../Engine/Content/EditorMaterials/Tick.uasset" 93
"../../../Engine/Content/EditorMaterials/Tick_Mat.uasset" 94
"../../../Engine/Content/EditorMaterials/WidgetGridVertexColorMaterial.uasset" 95
"../../../Engine/Content/EditorMaterials/WidgetGridVertexColorMaterial_Ma.uasset" 96
"../../../Engine/Content/EditorMaterials/WidgetMaterial.uasset" 97
"../../../Engine/Content/EditorMaterials/WidgetMaterial_Current.uasset" 98
"../../../Engine/Content/EditorMaterials/WidgetMaterial_X.uasset" 99
"../../../Engine/Content/EditorMaterials/WidgetMaterial_Y.uasset" 100
"../../../Engine/Content/EditorMaterials/WidgetMaterial_Z.uasset" 101
"../../../Engine/Content/EditorMaterials/WidgetVertexColorMaterial.uasset" 102
"../../../Engine/Content/EditorMaterials/AssetViewer/EpicQuadPanorama_CC+EV1.uasset" 103
"../../../Engine/Content/MapTemplates/Sky/SunsetAmbientCubemap.uasset" 104
"../../../Engine/Content/EditorMaterials/AssetViewer/M_SkyBox.uasset" 105
"../../../Engine/Content/EditorMaterials/MatineeGroups/MAT_ColorTrack.uasset" 106
"../../../Engine/Content/EditorMaterials/MatineeGroups/MAT_Groups_Anim.uasset" 107
"../../../Engine/Content/EditorMaterials/MatineeGroups/MAT_Groups_AudioMaster.uasset" 108
"../../../Engine/Content/EditorMaterials/MatineeGroups/MAT_Groups_Director.uasset" 109
"../../../Engine/Content/EditorMaterials/MatineeGroups/MAT_Groups_Event.uasset" 110
"../../../Engine/Content/EditorMaterials/MatineeGroups/MAT_Groups_Fade.uasset" 111
"../../../Engine/Content/EditorMaterials/MatineeGroups/MAT_Groups_Float.uasset" 112
"../../../Engine/Content/EditorMaterials/MatineeGroups/MAT_Groups_Move.uasset" 113
"../../../Engine/Content/EditorMaterials/MatineeGroups/MAT_Groups_Slomo.uasset" 114
"../../../Engine/Content/EditorMaterials/MatineeGroups/MAT_Groups_Sound.uasset" 115
"../../../Engine/Content/EditorMaterials/MatineeGroups/MAT_Groups_Vector.uasset" 116
"../../../Engine/Content/EditorMaterials/ParticleSystems/PSysThumbnail_NoImage.uasset" 117
"../../../Engine/Content/EditorMaterials/ParticleSystems/PSysThumbnail_OOD.uasset" 118
"../../../Engine/Content/EditorMaterials/Thumbnails/FloorPlaneMaterial.uasset" 119
"../../../Engine/Content/EditorMeshes/EditorCube.uasset" 120
"../../../Engine/Content/EditorMeshes/EditorCylinder.uasset" 121
"../../../Engine/Content/EditorMeshes/EditorPlane.uasset" 122
"../../../Engine/Content/EditorMaterials/Thumbnails/SkySphereMaterial.uasset" 123
"../../../Engine/Content/EditorMeshes/EditorSkySphere.uasset" 124
"../../../Engine/Content/EditorMeshes/EditorSphere.uasset" 125
"../../../Engine/Content/EditorResources/MatineeCam_D.uasset" 126
"../../../Engine/Content/EditorMaterials/MatineeCam_mat.uasset" 127
"../../../Engine/Content/EditorMeshes/MatineeCam_SM.uasset" 128
"../../../Engine/Content/Functions/Engine_MaterialFunctions01/Shading/ConvertFromDiffSpec.uasset" 129
"../../../Engine/Content/EditorMaterials/GridMaterial.uasset" 130
"../../../Engine/Content/EditorMeshes/PhAT_FloorBox.uasset" 131
"../../../Engine/Content/EditorMeshes/PlanarReflectionPlane.uasset" 132
"../../../Engine/Content/EditorMeshes/AssetViewer/Floor_Mesh.uasset" 133
"../../../Engine/Content/EditorMeshes/AssetViewer/Sphere_inversenormals.uasset" 134
"../../../Engine/Content/EditorMaterials/Camera/CineMat.uasset" 135
"../../../Engine/Content/EditorMaterials/Camera/MI_CineMat_CameraBody.uasset" 136
"../../../Engine/Content/EngineDebugMaterials/M_SimpleOpaque.uasset" 137
"../../../Engine/Content/EditorMaterials/Camera/MI_CineMat_CamViewFinder.uasset" 138
"../../../Engine/Content/EditorMeshes/Camera/SM_CineCam.uasset" 139
"../../../Engine/Content/EditorMaterials/Camera/MI_CineMat_Rig.uasset" 140
"../../../Engine/Content/EditorMeshes/Camera/SM_CraneRig_Arm.uasset" 141
"../../../Engine/Content/EditorMeshes/Camera/SM_CraneRig_Base.uasset" 142
"../../../Engine/Content/EditorMeshes/Camera/SM_CraneRig_Body.uasset" 143
"../../../Engine/Content/EditorMeshes/Camera/SM_CraneRig_Mount.uasset" 144
"../../../Engine/Content/EditorMeshes/Camera/SM_RailRig_Mount.uasset" 145
"../../../Engine/Content/EditorMeshes/Camera/SM_RailRig_Track.uasset" 146
"../../../Engine/Content/EditorMeshes/ColorCalibrator/M_ChromeBall.uasset" 147
"../../../Engine/Content/EditorResources/Bad.uasset" 148
"../../../Engine/Content/EditorResources/BSPVertex.uasset" 149
"../../../Engine/Content/EditorResources/EmptyActor.uasset" 150
"../../../Engine/Content/EditorResources/MatInstActSprite.uasset" 151
"../../../Engine/Content/EditorResources/SceneManager.uasset" 152
"../../../Engine/Content/EditorResources/SmallFont.uasset" 153
"../../../Engine/Content/EditorResources/S_Actor.uasset" 154
"../../../Engine/Content/EditorResources/S_DecalActorIcon.uasset" 155
"../../../Engine/Content/EditorResources/S_Emitter.uasset" 156
"../../../Engine/Content/EditorResources/S_ExpoHeightFog.uasset" 157
"../../../Engine/Content/EditorResources/S_FTest.uasset" 158
"../../../Engine/Content/EditorResources/S_KBSJoint.uasset" 159
"../../../Engine/Content/EditorResources/S_KHinge.uasset" 160
"../../../Engine/Content/EditorResources/S_KPrismatic.uasset" 161
"../../../Engine/Content/EditorResources/S_LevelSequence.uasset" 162
"../../../Engine/Content/EditorResources/S_NavP.uasset" 163
"../../../Engine/Content/EditorResources/S_Note.uasset" 164
"../../../Engine/Content/EditorResources/S_Player.uasset" 165
"../../../Engine/Content/EditorResources/S_PortalActorIcon2.uasset" 166
"../../../Engine/Content/EditorResources/S_RadForce.uasset" 167
"../../../Engine/Content/EditorResources/S_ReflActorIcon.uasset" 168
"../../../Engine/Content/EditorResources/S_Terrain.uasset" 169
"../../../Engine/Content/EditorResources/S_TextRenderActorIcon.uasset" 170
"../../../Engine/Content/EditorResources/S_Thruster.uasset" 171
"../../../Engine/Content/EditorResources/S_Trigger.uasset" 172
"../../../Engine/Content/EditorResources/S_VectorFieldVol.uasset" 173
"../../../Engine/Content/EditorResources/S_WindDirectional.uasset" 174
"../../../Engine/Content/EditorResources/AI/S_NavLink.uasset" 175
"../../../Engine/Content/EditorResources/LightIcons/SkyLight.uasset" 176
"../../../Engine/Content/EditorResources/LightIcons/S_LightDirectional.uasset" 177
"../../../Engine/Content/EditorResources/LightIcons/S_LightDirectionalMove.uasset" 178
"../../../Engine/Content/EditorResources/LightIcons/S_LightError.uasset" 179
"../../../Engine/Content/EditorResources/LightIcons/S_LightPoint.uasset" 180
"../../../Engine/Content/EditorResources/LightIcons/S_LightPointMove.uasset" 181
"../../../Engine/Content/EditorResources/LightIcons/S_LightSpot.uasset" 182
"../../../Engine/Content/EditorResources/LightIcons/S_LightSpotMove.uasset" 183
"../../../Engine/Content/EditorResources/SequenceRecorder/Countdown.uasset" 184
"../../../Engine/Content/EditorResources/SequenceRecorder/RecordingIndicator.uasset" 185
"../../../Engine/Content/EditorResources/Spline/T_Loft_Spline.uasset" 186
"../../../Engine/Content/EditorSounds/GamePreview/PossessPlayer.uasset" 187
"../../../Engine/Content/EditorSounds/GamePreview/PossessPlayer_Cue.uasset" 188
"../../../Engine/Content/EditorSounds/Notifications/CompileFailed.uasset" 189
"../../../Engine/Content/EditorSounds/Notifications/CompileFailed_Cue.uasset" 190
"../../../Engine/Content/EditorSounds/Notifications/CompileSuccess.uasset" 191
"../../../Engine/Content/EditorSounds/Notifications/CompileStart_Cue.uasset" 192
"../../../Engine/Content/EditorSounds/Notifications/CompileSuccess_Cue.uasset" 193
"../../../Engine/Content/EngineDamageTypes/DmgTypeBP_Environmental.uasset" 194
"../../../Engine/Content/EngineDebugMaterials/HeatmapGradient.uasset" 195
"../../../Engine/Content/EngineDebugMaterials/BoneWeightMaterial.uasset" 196
"../../../Engine/Content/EngineDebugMaterials/ClothMaterial.uasset" 197
"../../../Engine/Content/EngineDebugMaterials/ClothMaterial_WF.uasset" 198
"../../../Engine/Content/EngineDebugMaterials/DebugEditorMaterial.uasset" 199
"../../../Engine/Content/EngineDebugMaterials/DebugMeshMaterial.uasset" 200
"../../../Engine/Content/EngineDebugMaterials/GeomMaterial.uasset" 201
"../../../Engine/Content/EngineDebugMaterials/LevelColorationLitMaterial.uasset" 202
"../../../Engine/Content/EngineDebugMaterials/LevelColorationUnlitMaterial.uasset" 203
"../../../Engine/Content/EngineMaterials/DefaultWhiteGrid.uasset" 204
"../../../Engine/Content/EngineDebugMaterials/MAT_LevelColorationLitLightmapUV.uasset" 205
"../../../Engine/Content/EngineDebugMaterials/M_SimpleTranslucent.uasset" 206
"../../../Engine/Content/EngineDebugMaterials/ShadedLevelColorationLitMaterial.uasset" 207
"../../../Engine/Content/EngineDebugMaterials/ShadedLevelColorationUnlitMateri.uasset" 208
"../../../Engine/Content/EngineDebugMaterials/VertexColorMaterial.uasset" 209
"../../../Engine/Content/EngineDebugMaterials/VertexColorViewMode_AlphaAsColor.uasset" 210
"../../../Engine/Content/EngineDebugMaterials/VertexColorViewMode_BlueOnly.uasset" 211
"../../../Engine/Content/EngineDebugMaterials/VertexColorViewMode_ColorOnly.uasset" 212
"../../../Engine/Content/EngineDebugMaterials/VertexColorViewMode_GreenOnly.uasset" 213
"../../../Engine/Content/EngineDebugMaterials/VertexColorViewMode_RedOnly.uasset" 214
"../../../Engine/Content/EngineDebugMaterials/WireframeMaterial.uasset" 215
"../../../Engine/Content/EngineFonts/Faces/RobotoBold.uasset" 216
"../../../Engine/Content/EngineFonts/Faces/RobotoBoldItalic.uasset" 217
"../../../Engine/Content/EngineFonts/Faces/RobotoItalic.uasset" 218
"../../../Engine/Content/EngineFonts/Faces/RobotoLight.uasset" 219
"../../../Engine/Content/EngineFonts/Faces/RobotoRegular.uasset" 220
"../../../Engine/Content/EngineFonts/Roboto.uasset" 221
"../../../Engine/Content/EngineFonts/Faces/RobotoTiny.uasset" 222
"../../../Engine/Content/EngineFonts/RobotoTiny.uasset" 223
"../../../Engine/Content/EngineFonts/SmallFont.uasset" 224
"../../../Engine/Content/EngineFonts/TinyFont.uasset" 225
"../../../Engine/Content/EngineMaterials/BaseFlattenDiffuseMap.uasset" 226
"../../../Engine/Content/EngineMaterials/BaseFlattenEmissiveMap.uasset" 227
"../../../Engine/Content/EngineMaterials/BaseFlattenGrayscaleMap.uasset" 228
"../../../Engine/Content/EngineMaterials/BaseFlattenNormalMap.uasset" 229
"../../../Engine/Content/EngineMaterials/BaseFlattenMaterial.uasset" 230
"../../../Engine/Content/EngineResources/WhiteSquareTexture.uasset" 231
"../../../Engine/Content/EngineMaterials/BlinkingCaret.uasset" 232
"../../../Engine/Content/EngineMaterials/DefaultBloomKernel.uasset" 233
"../../../Engine/Content/EngineMaterials/DefaultBokeh.uasset" 234
"../../../Engine/Content/EngineMaterials/DefaultDiffuse.uasset" 235
"../../../Engine/Content/EngineMaterials/DefaultDeferredDecalMaterial.uasset" 236
"../../../Engine/Content/EngineMaterials/DefaultLightFunctionMaterial.uasset" 237
"../../../Engine/Content/EngineMaterials/DefaultNormal.uasset" 238
"../../../Engine/Content/EngineMaterials/DefaultPostProcessMaterial.uasset" 239
"../../../Engine/Content/EngineFonts/RobotoDistanceField.uasset" 240
"../../../Engine/Content/EngineMaterials/DefaultTextMaterialOpaque.uasset" 241
"../../../Engine/Content/EngineMaterials/EditorBrushMaterial.uasset" 242
"../../../Engine/Content/EngineMaterials/Grid_N.uasset" 243
"../../../Engine/Content/EngineMaterials/HighResolutionScreenshotMaskFunction.uasset" 244
"../../../Engine/Content/EngineMaterials/HighResScreenshot.uasset" 245
"../../../Engine/Content/EngineMaterials/HighResScreenshotCaptureRegion.uasset" 246
"../../../Engine/Content/EngineMaterials/HighResScreenshotMask.uasset" 247
"../../../Engine/Content/EngineMaterials/LandscapeHolePhysicalMaterial.uasset" 248
"../../../Engine/Content/EngineMaterials/InvalidLightmapSettings.uasset" 249
"../../../Engine/Content/EngineMaterials/M_InvalidLightmapSettings.uasset" 250
"../../../Engine/Content/EngineMaterials/PaperDiffuse.uasset" 251
"../../../Engine/Content/EngineMaterials/PaperNormal.uasset" 252
"../../../Engine/Content/Functions/Engine_MaterialFunctions02/WorldPositionOffset/CameraOffset.uasset" 253
"../../../Engine/Content/EngineMaterials/PhAT_JointLimitMaterial.uasset" 254
"../../../Engine/Content/EngineMaterials/PhysMat_Rubber.uasset" 255
"../../../Engine/Content/EngineMaterials/PreintegratedSkinBRDF.uasset" 256
"../../../Engine/Content/EngineMaterials/RemoveSurfaceMaterial.uasset" 257
"../../../Engine/Content/EngineMaterials/WeightMapPlaceholderTexture.uasset" 258
"../../../Engine/Content/EngineMaterials/Widget3DPassThrough.uasset" 259
"../../../Engine/Content/EngineMaterials/Widget3DPassThrough_Masked.uasset" 260
"../../../Engine/Content/EngineMaterials/Widget3DPassThrough_Opaque.uasset" 261
"../../../Engine/Content/EngineMaterials/Widget3DPassThrough_Masked_OneSided.uasset" 262
"../../../Engine/Content/EngineMaterials/Widget3DPassThrough_Opaque_OneSided.uasset" 263
"../../../Engine/Content/EngineMaterials/Widget3DPassThrough_Translucent.uasset" 264
"../../../Engine/Content/EngineMaterials/Widget3DPassThrough_Translucent_OneSided.uasset" 265
"../../../Engine/Content/EngineMaterials/DefaultMaterial.uasset" 266
"../../../Engine/Content/EngineMeshes/Cylinder.uasset" 267
"../../../Engine/Content/EngineMeshes/Sphere.uasset" 268
"../../../Engine/Content/EngineResources/Black.uasset" 269
"../../../Engine/Content/EngineResources/DefaultTexture.uasset" 270
"../../../Engine/Content/EngineResources/DefaultTextureCube.uasset" 271
"../../../Engine/Content/EngineResources/DefaultVolumeTexture2D.uasset" 272
"../../../Engine/Content/EngineResources/DefaultVolumeTexture.uasset" 273
"../../../Engine/Content/EngineResources/GradientTexture0.uasset" 274
"../../../Engine/Content/EngineResources/StreamingPauseIcon.uasset" 275
"../../../Engine/Content/EngineResources/M_StreamingPause.uasset" 276
"../../../Engine/Content/EngineSounds/Master.uasset" 277
"../../../Engine/Content/Functions/Engine_MaterialFunctions01/Shading/PowerToRoughness.uasset" 278
"../../../Engine/Content/Maps/Templates/Thumbnails/Default.uasset" 279
"../../../Engine/Content/Maps/Templates/Thumbnails/VR-Basic.uasset" 280
"../../../Engine/Content/MobileResources/T_MobileControls_texture.uasset" 281
"../../../Engine/Content/MobileResources/T_MobileMenu2.uasset" 282
"../../../Engine/Content/MobileResources/HUD/AnalogHat.uasset" 283
"../../../Engine/Content/MobileResources/HUD/VirtualJoystick_Background.uasset" 284
"../../../Engine/Content/MobileResources/HUD/VirtualJoystick_Thumb.uasset" 285
"../../../Engine/Content/MobileResources/HUD/DefaultVirtualJoysticks.uasset" 286
"../../../Engine/Content/MobileResources/HUD/LeftVirtualJoystickOnly.uasset" 287
"../../../Engine/Content/MobileResources/HUD/MobileHUDButton1_off.uasset" 288
"../../../Engine/Content/MobileResources/HUD/MobileHUDButton1_on.uasset" 289
"../../../Engine/Content/MobileResources/HUD/MobileHUDButton2_off.uasset" 290
"../../../Engine/Content/MobileResources/HUD/MobileHUDButton2_on.uasset" 291
"../../../Engine/Content/MobileResources/HUD/MobileHUDButton3.uasset" 292
"../../../Engine/Content/MobileResources/HUD/MobileHUDButtonFire.uasset" 293
"../../../Engine/Content/MobileResources/HUD/MobileHUDDirectionPad.uasset" 294
"../../../Engine/Content/MobileResources/HUD/MobileHUDDirectionPad2.uasset" 295
"../../../Engine/Content/MobileResources/HUD/MobileHUDDirectionPad3.uasset" 296
"../../../Engine/Content/MobileResources/HUD/MobileHUDDirectionStick.uasset" 297
"../../../Engine/Content/MobileResources/HUD/T_Castle_ThumbstickInner.uasset" 298
"../../../Engine/Content/MobileResources/HUD/T_Castle_ThumbstickOutter.uasset" 299
"../../../Engine/Content/Tutorial/ContentIntroCurve.uasset" 300
"../../../Engine/Content/Tutorial/Basics/LevelEditorAttract.uasset" 301
"../../../Engine/Content/Tutorial/Basics/TutorialAssets/icon_tab_Levels_40x.uasset" 302
"../../../Engine/Content/Tutorial/Basics/LevelEditorOverview.uasset" 303
"../../../Engine/Content/Tutorial/BlueprintTutorials/TutorialAssets/Blueprint_64x.uasset" 304
"../../../Engine/Content/Tutorial/BlueprintTutorials/BlueprintEditorTutorial.uasset" 305
"../../../Engine/Content/Tutorial/BlueprintTutorials/TutorialAssets/Tutorial_BP_MacroLib.uasset" 306
"../../../Engine/Content/Tutorial/Landscape/TutorialAssets/Landscape.uasset" 307
"../../../Engine/Content/Tutorial/Landscape/LandscapeWalkThrough.uasset" 308
"../../../Engine/Content/Tutorial/Landscape/Landscape_Manage_Mode.uasset" 309
"../../../Engine/Content/Tutorial/Landscape/Landscape_Painting_Mode.uasset" 310
"../../../Engine/Content/Tutorial/Landscape/Landscape_Sculpt_Mode.uasset" 311
"../../../Engine/Content/Tutorial/SubEditors/MaterialEditorTutorial.uasset" 312
"../../../Engine/Content/Tutorial/SubEditors/TutorialAssets/TutorialMaterial.uasset" 313
"../../../Engine/Content/VREditor/LaserPointer/VR_LaserPower_01.uasset" 314
"../../../Engine/Content/VREditor/TransformGizmo/TransformGizmoMaterial.uasset" 315
"../../../Engine/Content/VREditor/TransformGizmo/TranslucentTransformGizmoMaterial.uasset" 316
"../../../Engine/Content/VREditor/TransformGizmo/BoundingBoxCorner.uasset" 317
"../../../Engine/Content/VREditor/TransformGizmo/BoundingBoxEdge.uasset" 318
"../../../Engine/Content/VREditor/TransformGizmo/PlaneTranslationHandle.uasset" 319
"../../../Engine/Content/VREditor/TransformGizmo/Main.uasset" 320
"../../../Engine/Content/VREditor/TransformGizmo/Xray.uasset" 321
"../../../Engine/Content/VREditor/TransformGizmo/SM_Sequencer_Key.uasset" 322
"../../../Engine/Content/VREditor/TransformGizmo/SM_Sequencer_Node.uasset" 323
"S:/UE4_Package_Repo/PaintballSimulator/Content/MobileStarterContent/Textures/T_Metal_Aluminum_D.uasset" 324
"S:/UE4_Package_Repo/PaintballSimulator/Content/MobileStarterContent/Textures/T_Metal_Gold_N.uasset" 325
"S:/UE4_Package_Repo/PaintballSimulator/Content/MobileStarterContent/Materials/M_Metal_Burnished_Steel.uasset" 326
"S:/UE4_Package_Repo/PaintballSimulator/Content/MobileStarterContent/Textures/T_Metal_Steel_D.uasset" 327
"S:/UE4_Package_Repo/PaintballSimulator/Content/MobileStarterContent/Textures/T_Metal_Steel_N.uasset" 328
"S:/UE4_Package_Repo/PaintballSimulator/Content/MobileStarterContent/Materials/M_Metal_Steel.uasset" 329
"S:/UE4_Package_Repo/PaintballSimulator/Content/MobileStarterContent/Materials/M_Basic_Wall.uasset" 330
"S:/UE4_Package_Repo/PaintballSimulator/Content/MobileStarterContent/Shapes/Shape_Cone.uasset" 331
"S:/UE4_Package_Repo/PaintballSimulator/Content/MobileStarterContent/Shapes/Shape_NarrowCapsule.uasset" 332
"S:/UE4_Package_Repo/PaintballSimulator/Content/SP_Utility_Library/FaceObjectType.uasset" 333
"S:/UE4_Package_Repo/PaintballSimulator/Content/SP_Utility_Library/SP_Utility_Lib.uasset" 334
"S:/UE4_Package_Repo/PaintballSimulator/Content/SP_Utility_Library/Geometry/Meshes/CubeMaterial.uasset" 335
"../../Plugins/2D/Paper2D/Content/PlaceholderTextures/DummySpriteTexture.uasset" 336
"../../Plugins/2D/Paper2D/Content/DummySprite.uasset" 337
"../../Plugins/2D/Paper2D/Content/DefaultPaperTerrainMaterial.uasset" 338
"../../Plugins/2D/Paper2D/Content/DefaultSpriteMaterial.uasset" 339
"../../Plugins/2D/Paper2D/Content/MaskedUnlitSpriteMaterial.uasset" 340
"../../Plugins/2D/Paper2D/Content/OpaqueUnlitSpriteMaterial.uasset" 341
"../../Plugins/Enterprise/DatasmithContent/Content/Blueprints/FBXImporter/ArrayOfActor.uasset" 342
"../../Plugins/Enterprise/DatasmithContent/Content/Blueprints/FBXImporter/ArrayOfSwitch.uasset" 343
"../../Plugins/Enterprise/DatasmithContent/Content/Blueprints/FBXImporter/BP_SceneNode.uasset" 344
"../../Plugins/Enterprise/DatasmithContent/Content/Blueprints/FBXImporter/BP_Switch.uasset" 345
"../../Plugins/Enterprise/DatasmithContent/Content/Blueprints/FBXImporter/BP_SceneRoot.uasset" 346
"../../Plugins/Enterprise/DatasmithContent/Content/Blueprints/FBXImporter/FBXImporterUtils.uasset" 347
"../../Plugins/Enterprise/DatasmithContent/Content/Blueprints/FBXImporter/Animation/DeltaGenAnimationTrackType.uasset" 348
"../../Plugins/Enterprise/DatasmithContent/Content/Blueprints/FBXImporter/Animation/VREDAnimationTrackComponent.uasset" 349
"../../Plugins/Enterprise/DatasmithContent/Content/Blueprints/FBXImporter/Animation/VREDAnimationTrackType.uasset" 350
"../../Plugins/Enterprise/DatasmithContent/Content/Blueprints/FBXImporter/Animation/VREDAnimCurveComponent.uasset" 351
"../../Plugins/Enterprise/DatasmithContent/Content/Blueprints/FBXImporter/Animation/VREDAnimCurveType.uasset" 352
"../../Plugins/Enterprise/DatasmithContent/Content/Blueprints/FBXImporter/Variants/VariantSwitchType.uasset" 353
"../../Plugins/Enterprise/DatasmithContent/Content/Blueprints/FBXImporter/Variants/VREDVariantSwitchType.uasset" 354
"../../Plugins/Enterprise/DatasmithContent/Content/Blueprints/FBXImporter/Variants/VREDVariantType.uasset" 355
"../../../Engine/Content/Functions/Engine_MaterialFunctions01/Texturing/FlattenNormal.uasset" 356
"../../../Engine/Content/EngineMaterials/FlatNormal.uasset" 357
"../../Plugins/Enterprise/DatasmithContent/Content/Materials/CE_BaseMaster.uasset" 358
"../../Plugins/Enterprise/DatasmithContent/Content/Materials/CE_OpacityMaster.uasset" 359
"../../Plugins/Enterprise/DatasmithContent/Content/Materials/CE_OpacitySimpleMaster.uasset" 360
"../../Plugins/Enterprise/DatasmithContent/Content/Materials/CE_OpaqueMaster.uasset" 361
"../../../Engine/Content/Functions/Engine_MaterialFunctions01/Texturing/ComputeMipLevel.uasset" 362
"../../../Engine/Content/Functions/Engine_MaterialFunctions01/Texturing/TextureCropping.uasset" 363
"../../../Engine/Content/Functions/Engine_MaterialFunctions02/Utility/BreakOutFloat3Components.uasset" 364
"../../../Engine/Content/Functions/Engine_MaterialFunctions02/ExampleContent/DebugNumberStrip.uasset" 365
"../../../Engine/Content/Functions/Engine_MaterialFunctions02/ExampleContent/Textures/DebugNumberPeriod.uasset" 366
"../../../Engine/Content/Functions/Engine_MaterialFunctions02/Utility/DebugScalarValues.uasset" 367
"../../../Engine/Content/Functions/Engine_MaterialFunctions02/Utility/DebugFloat3Values.uasset" 368
"../../../Engine/Content/Functions/Engine_MaterialFunctions02/Math/RGBtoHSV.uasset" 369
"../../Plugins/Enterprise/DatasmithContent/Content/Materials/Datasmith_Color.uasset" 370
"../../Plugins/Enterprise/DatasmithContent/Content/Materials/ExtractColor.uasset" 371
"../../Plugins/Enterprise/DatasmithContent/Content/Materials/TileMirrorAxis.uasset" 372
"../../../Engine/Content/Functions/Engine_MaterialFunctions02/Texturing/CustomRotator.uasset" 373
"../../Plugins/Enterprise/DatasmithContent/Content/Materials/UVEdit.uasset" 374
"../../Plugins/Enterprise/DatasmithContent/Content/Materials/Datasmith_Material.uasset" 375
"../../../Engine/Content/Functions/Engine_MaterialFunctions03/Procedurals/NormalFromHeightmap.uasset" 376
"../../../Engine/Content/ArtTools/RenderToTexture/Textures/127grey.uasset" 377
"../../Plugins/Enterprise/DatasmithContent/Content/Materials/RevitMaster.uasset" 378
"../../Plugins/Enterprise/DatasmithContent/Content/Materials/SketchUpMaster.uasset" 379
"../../Plugins/Enterprise/DatasmithContent/Content/Materials/FBXImporter/DeltaGenUVEdit.uasset" 380
"../../Plugins/Enterprise/DatasmithContent/Content/Materials/FBXImporter/DeltaGenBase.uasset" 381
"../../../Engine/Content/EngineMaterials/T_Default_Normal.uasset" 382
"../../Plugins/Enterprise/DatasmithContent/Content/Materials/FBXImporter/DeltaGenMaster.uasset" 383
"../../Plugins/Enterprise/DatasmithContent/Content/Materials/FBXImporter/DeltaGenMasterTransparent.uasset" 384
"../../Plugins/Enterprise/DatasmithContent/Content/Materials/FBXImporter/VRED/VREDRepeatMode.uasset" 385
"../../../Engine/Content/Functions/Engine_MaterialFunctions02/WorldPositionOffset/LocalPosition.uasset" 386
"../../Plugins/Enterprise/DatasmithContent/Content/Materials/FBXImporter/VRED/PlanarMapping.uasset" 387
"../../Plugins/Enterprise/DatasmithContent/Content/Materials/FBXImporter/VRED/ProcessNormal.uasset" 388
"../../../Engine/Content/Functions/Engine_MaterialFunctions02/WorldPositionOffset/ObjectScale.uasset" 389
"../../Plugins/Enterprise/DatasmithContent/Content/Materials/FBXImporter/VRED/TriplanarMapping.uasset" 390
"../../Plugins/Enterprise/DatasmithContent/Content/Materials/FBXImporter/VRED/UVMapping.uasset" 391
"../../Plugins/Enterprise/DatasmithContent/Content/Materials/FBXImporter/VRED/VREDTextureRead.uasset" 392
"../../../Engine/Content/Functions/Engine_MaterialFunctions01/Texturing/BakedDisplacement.uasset" 393
"../../../Engine/Content/Functions/Engine_MaterialFunctions02/Fresnel_Function.uasset" 394
"../../Plugins/Enterprise/DatasmithContent/Content/Materials/FBXImporter/VRED/Glass.uasset" 395
"../../Plugins/Enterprise/DatasmithContent/Content/Materials/FBXImporter/VRED/Phong.uasset" 396
"../../Plugins/Enterprise/DatasmithContent/Content/Materials/FBXImporter/VRED/Plastic.uasset" 397
"../../Plugins/Enterprise/DatasmithContent/Content/Meshes/cylinder.uasset" 398
"../../Plugins/Runtime/Oculus/OculusVR/Content/OculusMR_RenderTarget.uasset" 399
"../../../Engine/Content/Functions/Engine_MaterialFunctions02/Utility/BreakOutFloat4Components.uasset" 400
"../../Plugins/Runtime/Oculus/OculusVR/Content/Materials/OculusMR_ChromaKey.uasset" 401
"../../Plugins/Runtime/Oculus/OculusVR/Content/Materials/OculusMR_ChromaKey_Lit.uasset" 402
"../../Plugins/Runtime/Oculus/OculusVR/Content/Materials/OculusMR_OpaqueColoredMaterial.uasset" 403
"../../Plugins/Runtime/Oculus/OculusVR/Content/Materials/OculusMR_WhiteMaterial.uasset" 404
"../../Plugins/Runtime/Oculus/OculusVR/Content/Materials/PokeAHoleMaterial.uasset" 405
"../../Plugins/Runtime/Oculus/OculusVR/Content/Textures/GearVRController_AO.uasset" 406
"../../Plugins/Runtime/Oculus/OculusVR/Content/Textures/GearVRController_Color.uasset" 407
"../../Plugins/Runtime/Oculus/OculusVR/Content/Textures/GearVRController_Normal.uasset" 408
"../../Plugins/Runtime/Oculus/OculusVR/Content/Materials/GearVRControllerMaterial.uasset" 409
"../../Plugins/Runtime/Oculus/OculusVR/Content/Meshes/GearVrController.uasset" 410
"../../Plugins/Runtime/Oculus/OculusVR/Content/Textures/touchController_albedo.uasset" 411
"../../Plugins/Runtime/Oculus/OculusVR/Content/Textures/touchController_controlmap.uasset" 412
"../../Plugins/Runtime/Oculus/OculusVR/Content/Materials/touchController_mat.uasset" 413
"../../Plugins/Runtime/Oculus/OculusVR/Content/Meshes/LeftTouchController.uasset" 414
"../../Plugins/Runtime/Oculus/OculusVR/Content/Meshes/RiftHMD.uasset" 415
"../../Plugins/Runtime/Oculus/OculusVR/Content/Meshes/RightTouchController.uasset" 416
"../../../Engine/Content/Maps/Entry_BuiltData.uasset" 417
"../../../Engine/Content/Maps/Entry.umap" 418
"../../../Engine/Content/EngineSky/C_Sky_Cloud_Color.uasset" 419
"../../../Engine/Content/EngineSky/C_Sky_Horizon_Color.uasset" 420
"../../../Engine/Content/EngineSky/C_Sky_Zenith_Color.uasset" 421
"../../../Engine/Content/EngineSky/T_Sky_Blue.uasset" 422
"../../../Engine/Content/EngineSky/T_Sky_Clouds_M.uasset" 423
"../../../Engine/Content/EngineSky/T_Sky_Stars.uasset" 424
"../../../Engine/Content/EngineSky/M_Sky_Panning_Clouds2.uasset" 425
"../../../Engine/Content/EngineSky/SM_SkySphere.uasset" 426
"../../../Engine/Content/EngineSky/BP_Sky_Sphere.uasset" 427
"S:/UE4_Package_Repo/PaintballSimulator/Content/VirtualRealityBP/Blueprints/PickupActorInterface.uasset" 428
"S:/UE4_Package_Repo/PaintballSimulator/Content/VirtualReality/Materials/M_BaseMaterial.uasset" 429
"S:/UE4_Package_Repo/PaintballSimulator/Content/VirtualReality/Materials/MI_SmallCubes.uasset" 430
"S:/UE4_Package_Repo/PaintballSimulator/Content/Geometry/Meshes/CubeMaterial.uasset" 431
"S:/UE4_Package_Repo/PaintballSimulator/Content/Geometry/Meshes/1M_Cube.uasset" 432
"S:/UE4_Package_Repo/PaintballSimulator/Content/VirtualRealityBP/Blueprints/BP_PickupCube.uasset" 433
"S:/UE4_Package_Repo/PaintballSimulator/Content/VirtualReality/Mannequin/Character/Mesh/MannequinHand_Right_Skeleton.uasset" 434
"S:/UE4_Package_Repo/PaintballSimulator/Content/VirtualReality/Mannequin/Animations/MannequinHand_Right_CanGrab.uasset" 435
"S:/UE4_Package_Repo/PaintballSimulator/Content/VirtualReality/Mannequin/Animations/MannequinHand_Right_Grab.uasset" 436
"S:/UE4_Package_Repo/PaintballSimulator/Content/VirtualReality/Mannequin/Animations/MannequinHand_Right_Open.uasset" 437
"S:/UE4_Package_Repo/PaintballSimulator/Content/VirtualReality/Mannequin/Animations/RightGrip_BS.uasset" 438
"S:/UE4_Package_Repo/PaintballSimulator/Content/VirtualRealityBP/Blueprints/GripEnum.uasset" 439
"S:/UE4_Package_Repo/PaintballSimulator/Content/VirtualReality/Mannequin/Animations/RightHand_AnimBP.uasset" 440
"S:/UE4_Package_Repo/PaintballSimulator/Content/Materials/M_BlackSteel.uasset" 441
"S:/UE4_Package_Repo/PaintballSimulator/Content/Materials/M_RedSteel.uasset" 442
"../../../Engine/Content/BasicShapes/Cone.uasset" 443
"../../../Engine/Content/BasicShapes/Cylinder.uasset" 444
"S:/UE4_Package_Repo/PaintballSimulator/Content/MobileStarterContent/Shapes/Shape_WideCapsule.uasset" 445
"S:/UE4_Package_Repo/PaintballSimulator/Content/Blueprints/Marker_BP.uasset" 446
"S:/UE4_Package_Repo/PaintballSimulator/Content/VirtualRealityBP/Blueprints/MotionControllerHaptics.uasset" 447
"../../../Engine/Content/Functions/Engine_MaterialFunctions02/Utility/CameraDirectionVector.uasset" 448
"../../../Engine/Content/Functions/Engine_MaterialFunctions02/Utility/DepthFromWorldPosition.uasset" 449
"S:/UE4_Package_Repo/PaintballSimulator/Content/VirtualReality/Materials/MF_OccludedPixels.uasset" 450
"S:/UE4_Package_Repo/PaintballSimulator/Content/VirtualReality/Materials/TeleportMCP.uasset" 451
"../../../Engine/Content/EngineMaterials/Good64x64TilingNoiseHighFreq.uasset" 452
"S:/UE4_Package_Repo/PaintballSimulator/Content/VirtualReality/Materials/M_ArcEndpoint.uasset" 453
"S:/UE4_Package_Repo/PaintballSimulator/Content/VirtualReality/Materials/M_SplineArcMat.uasset" 454
"S:/UE4_Package_Repo/PaintballSimulator/Content/VirtualReality/Materials/M_TeleportPreviews.uasset" 455
"S:/UE4_Package_Repo/PaintballSimulator/Content/VirtualReality/Materials/MI_ChaperoneOutline.uasset" 456
"S:/UE4_Package_Repo/PaintballSimulator/Content/VirtualReality/Materials/MI_TeleportCylinderPreview.uasset" 457
"../../../Engine/Content/BasicShapes/Sphere.uasset" 458
"S:/UE4_Package_Repo/PaintballSimulator/Content/VirtualReality/Mannequin/Character/Textures/UE4_Mannequin__normals.uasset" 459
"S:/UE4_Package_Repo/PaintballSimulator/Content/VirtualReality/Mannequin/Character/Textures/UE4_Mannequin_MAT_MASKA.uasset" 460
"S:/UE4_Package_Repo/PaintballSimulator/Content/VirtualReality/Mannequin/Character/Materials/M_HandMat.uasset" 461
"S:/UE4_Package_Repo/PaintballSimulator/Content/VirtualReality/Mannequin/Character/Mesh/MannequinHand_Right_PhysicsAsset.uasset" 462
"S:/UE4_Package_Repo/PaintballSimulator/Content/VirtualReality/Mannequin/Character/Mesh/MannequinHand_Right.uasset" 463
"S:/UE4_Package_Repo/PaintballSimulator/Content/VirtualReality/Meshes/1x1_cube.uasset" 464
"S:/UE4_Package_Repo/PaintballSimulator/Content/VirtualReality/Meshes/BeaconDirection.uasset" 465
"S:/UE4_Package_Repo/PaintballSimulator/Content/VirtualReality/Meshes/BeamMesh.uasset" 466
"S:/UE4_Package_Repo/PaintballSimulator/Content/VirtualReality/Meshes/SM_FatCylinder.uasset" 467
"S:/UE4_Package_Repo/PaintballSimulator/Content/VirtualRealityBP/Blueprints/BP_MotionController.uasset" 468
"S:/UE4_Package_Repo/PaintballSimulator/Content/VirtualRealityBP/Blueprints/MotionControllerPawn.uasset" 469
"S:/UE4_Package_Repo/PaintballSimulator/Content/VirtualRealityBP/Maps/MotionControllerMap_BuiltData.uasset" 470
"S:/UE4_Package_Repo/PaintballSimulator/Content/VirtualReality/Materials/MI_BaseMaterial2.uasset" 471
"S:/UE4_Package_Repo/PaintballSimulator/Content/VirtualReality/Materials/MI_BaseMaterial3.uasset" 472
"S:/UE4_Package_Repo/PaintballSimulator/Content/VirtualRealityBP/Maps/MotionControllerMap.umap" 473
"S:/UE4_Package_Repo/PaintballSimulator/Content/VirtualRealityBP/Maps/StartupMap_BuiltData.uasset" 474
"S:/UE4_Package_Repo/PaintballSimulator/Content/VirtualReality/Materials/GenericHMDMaterial.uasset" 475
"../../../Engine/Content/MapTemplates/Sky/DaylightAmbientCubemap.uasset" 476
"S:/UE4_Package_Repo/PaintballSimulator/Content/VirtualReality/Meshes/GenericHMD.uasset" 477
"S:/UE4_Package_Repo/PaintballSimulator/Content/VirtualRealityBP/Maps/StartupMap.umap" 478
"S:/UE4_Package_Repo/PaintballSimulator/Content/Blueprints/StartGate_BP.uasset" 479
"S:/UE4_Package_Repo/PaintballSimulator/Content/Game/Xball_GameMode.uasset" 480
"S:/UE4_Package_Repo/PaintballSimulator/Content/Maps/PaintballField_Level_BuiltData.uasset" 481
"S:/UE4_Package_Repo/PaintballSimulator/Content/Maps/PaintballField_Level.umap" 482
